<?xml version="1.0" encoding="UTF-8"?>
<!-- Generated by org.testng.reporters.JUnitXMLReporter -->
<testsuite ignored="0" hostname="ACD-002" failures="0" tests="0" time="0.05" errors="0" timestamp="23 Aug 2019 12:07:00 GMT">
  <testcase classname="Driver.DriverClass" name="@BeforeTest openBrowser" time="0.045">
    <failure type="java.lang.IllegalStateException" message="The path to the driver executable must be set by the webdriver.gecko.driver system property; for more information, see https://github.com/mozilla/geckodriver. The latest version can be downloaded from https://github.com/mozilla/geckodriver/releases">
      <![CDATA[java.lang.IllegalStateException: The path to the driver executable must be set by the webdriver.gecko.driver system property; for more information, see https://github.com/mozilla/geckodriver. The latest version can be downloaded from https://github.com/mozilla/geckodriver/releases
at com.google.common.base.Preconditions.checkState(Preconditions.java:847)
at org.openqa.selenium.remote.service.DriverService.findExecutable(DriverService.java:134)
at org.openqa.selenium.firefox.GeckoDriverService.access$100(GeckoDriverService.java:44)
at org.openqa.selenium.firefox.GeckoDriverService$Builder.findDefaultExecutable(GeckoDriverService.java:167)
at org.openqa.selenium.remote.service.DriverService$Builder.build(DriverService.java:355)
at org.openqa.selenium.firefox.FirefoxDriver.toExecutor(FirefoxDriver.java:190)
at org.openqa.selenium.firefox.FirefoxDriver.<init>(FirefoxDriver.java:147)
at org.openqa.selenium.firefox.FirefoxDriver.<init>(FirefoxDriver.java:125)
at Driver.DriverClass.openBrowser(DriverClass.java:38)
at java.base/java.util.concurrent.FutureTask.run(FutureTask.java:264)
at java.base/java.util.concurrent.ThreadPoolExecutor.runWorker(ThreadPoolExecutor.java:1128)
at java.base/java.util.concurrent.ThreadPoolExecutor$Worker.run(ThreadPoolExecutor.java:628)
at java.base/java.lang.Thread.run(Thread.java:834)
... Removed 15 stack frames]]>
    </failure>
  </testcase> <!-- @BeforeTest openBrowser -->
</testsuite>
