<?xml version="1.0" encoding="UTF-8"?>
<!-- Generated by org.testng.reporters.JUnitXMLReporter -->
<testsuite ignored="0" hostname="ACD-002" failures="0" tests="6" name="pim module firefox" time="22.929" errors="0" timestamp="28 Aug 2019 10:31:09 GMT">
  <testcase classname="testcases.RemoveAllItemsFromCart" name="removeAllItems" time="0.108"/>
  <testcase classname="HomePage.TestCases.NavigateToPDPPage" name="searchForProduct" time="4.903"/>
  <testcase classname="testcases.ClickOnShoppingCartLink" name="goToShoppingCart" time="1.2"/>
  <testcase classname="testcases.RemoveAllItemsFromCart" name="navigateToHomePage" time="3.852"/>
  <testcase classname="HomePage.TestCases.NavigateToPDPPage" name="clickOnAProductImage" time="4.448"/>
  <testcase classname="PDP.TestCases.AddProductToCart" name="addAProductToCart" time="1.93"/>
</testsuite> <!-- pim module firefox -->
