<?xml version="1.0" encoding="UTF-8"?>
<!-- Generated by org.testng.reporters.JUnitXMLReporter -->
<testsuite ignored="0" hostname="ACD-002" failures="0" tests="6" name="Default test" time="0.06" errors="0" timestamp="29 Aug 2019 10:46:56 GMT">
  <testcase classname="Classes.TestBaseClass" name="@BeforeClass initiatedDriver" time="0.019">
    <failure type="java.lang.NullPointerException">
      <![CDATA[java.lang.NullPointerException
at Classes.TestBaseClass.initiatedDriver(TestBaseClass.java:23)
at java.base/jdk.internal.reflect.NativeMethodAccessorImpl.invoke0(Native Method)
at java.base/jdk.internal.reflect.NativeMethodAccessorImpl.invoke(NativeMethodAccessorImpl.java:62)
at java.base/jdk.internal.reflect.DelegatingMethodAccessorImpl.invoke(DelegatingMethodAccessorImpl.java:43)
at java.base/java.lang.reflect.Method.invoke(Method.java:566)
at org.testng.internal.MethodInvocationHelper.invokeMethod(MethodInvocationHelper.java:124)
at org.testng.internal.MethodInvocationHelper.invokeMethodConsideringTimeout(MethodInvocationHelper.java:59)
at org.testng.internal.Invoker.invokeConfigurationMethod(Invoker.java:458)
at org.testng.internal.Invoker.invokeConfigurations(Invoker.java:222)
at org.testng.internal.Invoker.invokeConfigurations(Invoker.java:142)
at org.testng.internal.TestMethodWorker.invokeBeforeClassMethods(TestMethodWorker.java:168)
at org.testng.internal.TestMethodWorker.run(TestMethodWorker.java:105)
at org.testng.TestRunner.privateRun(TestRunner.java:648)
at org.testng.TestRunner.run(TestRunner.java:505)
at org.testng.SuiteRunner.runTest(SuiteRunner.java:455)
at org.testng.SuiteRunner.runSequentially(SuiteRunner.java:450)
at org.testng.SuiteRunner.privateRun(SuiteRunner.java:415)
at org.testng.SuiteRunner.run(SuiteRunner.java:364)
at org.testng.SuiteRunnerWorker.runSuite(SuiteRunnerWorker.java:52)
at org.testng.SuiteRunnerWorker.run(SuiteRunnerWorker.java:84)
at org.testng.TestNG.runSuitesSequentially(TestNG.java:1208)
at org.testng.TestNG.runSuitesLocally(TestNG.java:1137)
at org.testng.TestNG.runSuites(TestNG.java:1049)
at org.testng.TestNG.run(TestNG.java:1017)
at org.testng.remote.AbstractRemoteTestNG.run(AbstractRemoteTestNG.java:115)
at org.testng.remote.RemoteTestNG.initAndRun(RemoteTestNG.java:251)
at org.testng.remote.RemoteTestNG.main(RemoteTestNG.java:77)
]]>
    </failure>
  </testcase> <!-- @BeforeClass initiatedDriver -->
  <testcase classname="CheckoutPage.TestCases.AddDetailsOnCheckoutPage" name="@BeforeClass initiateCheckoutPage" time="0.0">
    <skipped/>
  </testcase> <!-- @BeforeClass initiateCheckoutPage -->
  <testcase classname="CheckoutPage.TestCases.AddDetailsOnCheckoutPage" name="addShippingAddress" time="0.0">
    <skipped/>
  </testcase> <!-- addShippingAddress -->
  <testcase classname="CheckoutPage.TestCases.AddDetailsOnCheckoutPage" name="selectShippingOption" time="0.0">
    <skipped/>
  </testcase> <!-- selectShippingOption -->
  <testcase classname="CheckoutPage.TestCases.AddDetailsOnCheckoutPage" name="selectPaymentOption" time="0.0">
    <skipped/>
  </testcase> <!-- selectPaymentOption -->
  <testcase classname="CheckoutPage.TestCases.AddDetailsOnCheckoutPage" name="enterPaymentDetails" time="0.0">
    <skipped/>
  </testcase> <!-- enterPaymentDetails -->
  <testcase classname="CheckoutPage.TestCases.AddDetailsOnCheckoutPage" name="clickOnPlaceOrder" time="0.0">
    <skipped/>
  </testcase> <!-- clickOnPlaceOrder -->
  <testcase classname="CheckoutPage.TestCases.AddDetailsOnCheckoutPage" name="clickOnContinueShopping" time="0.0">
    <skipped/>
  </testcase> <!-- clickOnContinueShopping -->
</testsuite> <!-- Default test -->
