<?xml version="1.0" encoding="UTF-8"?>
<testng-results skipped="0" failed="1" ignored="0" total="13" passed="12">
  <reporter-output>
  </reporter-output>
  <suite name="PlaceAnOrder" duration-ms="55066" started-at="2019-09-06T12:48:12Z" finished-at="2019-09-06T12:49:07Z">
    <groups>
    </groups>
    <test name="open-browser" duration-ms="4529" started-at="2019-09-06T12:48:12Z" finished-at="2019-09-06T12:48:16Z">
      <class name="driver.DriverClass">
        <test-method status="PASS" signature="openBrowser(java.lang.String, java.lang.String)[pri:0, instance:driver.DriverClass@1f57539]" name="openBrowser" is-config="true" duration-ms="4525" started-at="2019-09-06T12:48:12Z" finished-at="2019-09-06T12:48:16Z">
          <params>
            <param index="0">
              <value>
                <![CDATA[chrome]]>
              </value>
            </param>
            <param index="1">
              <value>
                <![CDATA[qa]]>
              </value>
            </param>
          </params>
          <reporter-output>
          </reporter-output>
        </test-method> <!-- openBrowser -->
      </class> <!-- driver.DriverClass -->
    </test> <!-- open-browser -->
    <test name="log-in" duration-ms="1240" started-at="2019-09-06T12:48:16Z" finished-at="2019-09-06T12:48:18Z">
      <class name="Login.TestCases.Login">
        <test-method status="PASS" signature="initiateLoginPage()[pri:0, instance:Login.TestCases.Login@1d8d30f7]" name="initiateLoginPage" is-config="true" duration-ms="66" started-at="2019-09-06T12:48:16Z" finished-at="2019-09-06T12:48:16Z">
          <reporter-output>
          </reporter-output>
        </test-method> <!-- initiateLoginPage -->
        <test-method status="PASS" signature="clickOnLoginLink()[pri:0, instance:Login.TestCases.Login@1d8d30f7]" name="clickOnLoginLink" duration-ms="259" started-at="2019-09-06T12:48:16Z" finished-at="2019-09-06T12:48:17Z">
          <reporter-output>
          </reporter-output>
        </test-method> <!-- clickOnLoginLink -->
        <test-method status="PASS" signature="enterLoginCredentials()[pri:1, instance:Login.TestCases.Login@1d8d30f7]" name="enterLoginCredentials" duration-ms="904" started-at="2019-09-06T12:48:17Z" finished-at="2019-09-06T12:48:18Z">
          <reporter-output>
          </reporter-output>
        </test-method> <!-- enterLoginCredentials -->
      </class> <!-- Login.TestCases.Login -->
    </test> <!-- log-in -->
    <test name="remove-cart-items" duration-ms="78" started-at="2019-09-06T12:48:18Z" finished-at="2019-09-06T12:48:18Z">
      <class name="ShoppingCart.TestCases.RemoveItemsFromCart">
        <test-method status="PASS" signature="initiateShoppingCartPage()[pri:0, instance:ShoppingCart.TestCases.RemoveItemsFromCart@6b9651f3]" name="initiateShoppingCartPage" is-config="true" duration-ms="3" started-at="2019-09-06T12:48:18Z" finished-at="2019-09-06T12:48:18Z">
          <reporter-output>
          </reporter-output>
        </test-method> <!-- initiateShoppingCartPage -->
        <test-method status="PASS" signature="removeItemsFromCart()[pri:0, instance:ShoppingCart.TestCases.RemoveItemsFromCart@6b9651f3]" name="removeItemsFromCart" duration-ms="73" started-at="2019-09-06T12:48:18Z" finished-at="2019-09-06T12:48:18Z">
          <reporter-output>
          </reporter-output>
        </test-method> <!-- removeItemsFromCart -->
      </class> <!-- ShoppingCart.TestCases.RemoveItemsFromCart -->
    </test> <!-- remove-cart-items -->
    <test name="navigate-to-PDP" duration-ms="2930" started-at="2019-09-06T12:48:18Z" finished-at="2019-09-06T12:48:21Z">
      <class name="HomePage.TestCases.NavigateToPDPPage">
        <test-method status="PASS" signature="initiatePDPPage()[pri:0, instance:HomePage.TestCases.NavigateToPDPPage@1500955a]" name="initiatePDPPage" is-config="true" duration-ms="4" started-at="2019-09-06T12:48:18Z" finished-at="2019-09-06T12:48:18Z">
          <reporter-output>
          </reporter-output>
        </test-method> <!-- initiatePDPPage -->
        <test-method status="PASS" signature="searchForProduct()[pri:0, instance:HomePage.TestCases.NavigateToPDPPage@1500955a]" name="searchForProduct" duration-ms="1845" started-at="2019-09-06T12:48:18Z" finished-at="2019-09-06T12:48:20Z">
          <reporter-output>
          </reporter-output>
        </test-method> <!-- searchForProduct -->
        <test-method status="PASS" signature="clickOnAProductImage()[pri:1, instance:HomePage.TestCases.NavigateToPDPPage@1500955a]" name="clickOnAProductImage" duration-ms="1079" started-at="2019-09-06T12:48:20Z" finished-at="2019-09-06T12:48:21Z">
          <reporter-output>
          </reporter-output>
        </test-method> <!-- clickOnAProductImage -->
      </class> <!-- HomePage.TestCases.NavigateToPDPPage -->
    </test> <!-- navigate-to-PDP -->
    <test name="add-product-to-cart" duration-ms="1567" started-at="2019-09-06T12:48:21Z" finished-at="2019-09-06T12:48:22Z">
      <class name="PDP.TestCases.AddProductToCart">
        <test-method status="PASS" signature="initializePDPPage()[pri:0, instance:PDP.TestCases.AddProductToCart@cb51256]" name="initializePDPPage" is-config="true" duration-ms="3" started-at="2019-09-06T12:48:21Z" finished-at="2019-09-06T12:48:21Z">
          <reporter-output>
          </reporter-output>
        </test-method> <!-- initializePDPPage -->
        <test-method status="PASS" signature="addAProductToCart()[pri:1, instance:PDP.TestCases.AddProductToCart@cb51256]" name="addAProductToCart" duration-ms="1562" started-at="2019-09-06T12:48:21Z" finished-at="2019-09-06T12:48:22Z">
          <reporter-output>
          </reporter-output>
        </test-method> <!-- addAProductToCart -->
      </class> <!-- PDP.TestCases.AddProductToCart -->
    </test> <!-- add-product-to-cart -->
    <test name="checkout" duration-ms="44690" started-at="2019-09-06T12:48:22Z" finished-at="2019-09-06T12:49:07Z">
      <class name="driver.DriverClass">
        <test-method status="PASS" signature="driverSetup()[pri:0, instance:driver.DriverClass@1f57539]" name="driverSetup" is-config="true" duration-ms="3402" started-at="2019-09-06T12:48:08Z" finished-at="2019-09-06T12:48:12Z">
          <reporter-output>
          </reporter-output>
        </test-method> <!-- driverSetup -->
      </class> <!-- driver.DriverClass -->
      <class name="CheckoutPage.TestCases.AddDetailsOnCheckoutPage">
        <test-method status="PASS" signature="initiateCheckoutPage()[pri:0, instance:CheckoutPage.TestCases.AddDetailsOnCheckoutPage@609cd4d8]" name="initiateCheckoutPage" is-config="true" duration-ms="100" started-at="2019-09-06T12:48:22Z" finished-at="2019-09-06T12:48:22Z">
          <reporter-output>
          </reporter-output>
        </test-method> <!-- initiateCheckoutPage -->
        <test-method status="PASS" signature="clickOnCheckoutButton()[pri:0, instance:CheckoutPage.TestCases.AddDetailsOnCheckoutPage@609cd4d8]" name="clickOnCheckoutButton" duration-ms="1574" started-at="2019-09-06T12:48:22Z" finished-at="2019-09-06T12:48:24Z">
          <reporter-output>
          </reporter-output>
        </test-method> <!-- clickOnCheckoutButton -->
        <test-method status="PASS" signature="addShippingAddress()[pri:1, instance:CheckoutPage.TestCases.AddDetailsOnCheckoutPage@609cd4d8]" name="addShippingAddress" duration-ms="22" started-at="2019-09-06T12:48:24Z" finished-at="2019-09-06T12:48:24Z">
          <reporter-output>
          </reporter-output>
        </test-method> <!-- addShippingAddress -->
        <test-method status="PASS" signature="selectShippingOption()[pri:2, instance:CheckoutPage.TestCases.AddDetailsOnCheckoutPage@609cd4d8]" name="selectShippingOption" duration-ms="15090" started-at="2019-09-06T12:48:24Z" finished-at="2019-09-06T12:48:39Z">
          <reporter-output>
          </reporter-output>
        </test-method> <!-- selectShippingOption -->
        <test-method status="PASS" signature="selectPaymentOption()[pri:3, instance:CheckoutPage.TestCases.AddDetailsOnCheckoutPage@609cd4d8]" name="selectPaymentOption" duration-ms="857" started-at="2019-09-06T12:48:39Z" finished-at="2019-09-06T12:48:40Z">
          <reporter-output>
          </reporter-output>
        </test-method> <!-- selectPaymentOption -->
        <test-method status="PASS" signature="enterPaymentDetails()[pri:4, instance:CheckoutPage.TestCases.AddDetailsOnCheckoutPage@609cd4d8]" name="enterPaymentDetails" duration-ms="167" started-at="2019-09-06T12:48:40Z" finished-at="2019-09-06T12:48:40Z">
          <reporter-output>
          </reporter-output>
        </test-method> <!-- enterPaymentDetails -->
        <test-method status="PASS" signature="clickOnPlaceOrder()[pri:5, instance:CheckoutPage.TestCases.AddDetailsOnCheckoutPage@609cd4d8]" name="clickOnPlaceOrder" duration-ms="11479" started-at="2019-09-06T12:48:40Z" finished-at="2019-09-06T12:48:52Z">
          <reporter-output>
          </reporter-output>
        </test-method> <!-- clickOnPlaceOrder -->
        <test-method status="FAIL" signature="clickOnContinueShopping()[pri:6, instance:CheckoutPage.TestCases.AddDetailsOnCheckoutPage@609cd4d8]" name="clickOnContinueShopping" duration-ms="15388" started-at="2019-09-06T12:48:52Z" finished-at="2019-09-06T12:49:07Z">
          <exception class="org.openqa.selenium.NoSuchElementException">
            <message>
              <![CDATA[no such element: Unable to locate element: {"method":"xpath","selector":"//a[text()='Continue shopping']"}
  (Session info: chrome=76.0.3809.132)
For documentation on this error, please visit: https://www.seleniumhq.org/exceptions/no_such_element.html
Build info: version: '3.141.59', revision: 'e82be7d358', time: '2018-11-14T08:17:03'
System info: host: 'ACD-048', ip: '10.0.12.67', os.name: 'Windows 10', os.arch: 'amd64', os.version: '10.0', java.version: '1.8.0_201'
Driver info: org.openqa.selenium.chrome.ChromeDriver
Capabilities {acceptInsecureCerts: false, browserName: chrome, browserVersion: 76.0.3809.132, chrome: {chromedriverVersion: 76.0.3809.126 (d80a294506b4..., userDataDir: C:\Users\NUPUR~1.KHA\AppDat...}, goog:chromeOptions: {debuggerAddress: localhost:65387}, javascriptEnabled: true, networkConnectionEnabled: false, pageLoadStrategy: normal, platform: XP, platformName: XP, proxy: Proxy(), setWindowRect: true, strictFileInteractability: false, timeouts: {implicit: 0, pageLoad: 300000, script: 30000}, unhandledPromptBehavior: dismiss and notify}
Session ID: 95a49a7c5f4df2468a84d3985877318c
*** Element info: {Using=xpath, value=//a[text()='Continue shopping']}]]>
            </message>
            <full-stacktrace>
              <![CDATA[org.openqa.selenium.NoSuchElementException: no such element: Unable to locate element: {"method":"xpath","selector":"//a[text()='Continue shopping']"}
  (Session info: chrome=76.0.3809.132)
For documentation on this error, please visit: https://www.seleniumhq.org/exceptions/no_such_element.html
Build info: version: '3.141.59', revision: 'e82be7d358', time: '2018-11-14T08:17:03'
System info: host: 'ACD-048', ip: '10.0.12.67', os.name: 'Windows 10', os.arch: 'amd64', os.version: '10.0', java.version: '1.8.0_201'
Driver info: org.openqa.selenium.chrome.ChromeDriver
Capabilities {acceptInsecureCerts: false, browserName: chrome, browserVersion: 76.0.3809.132, chrome: {chromedriverVersion: 76.0.3809.126 (d80a294506b4..., userDataDir: C:\Users\NUPUR~1.KHA\AppDat...}, goog:chromeOptions: {debuggerAddress: localhost:65387}, javascriptEnabled: true, networkConnectionEnabled: false, pageLoadStrategy: normal, platform: XP, platformName: XP, proxy: Proxy(), setWindowRect: true, strictFileInteractability: false, timeouts: {implicit: 0, pageLoad: 300000, script: 30000}, unhandledPromptBehavior: dismiss and notify}
Session ID: 95a49a7c5f4df2468a84d3985877318c
*** Element info: {Using=xpath, value=//a[text()='Continue shopping']}
at sun.reflect.GeneratedConstructorAccessor39.newInstance(Unknown Source)
at sun.reflect.DelegatingConstructorAccessorImpl.newInstance(Unknown Source)
at java.lang.reflect.Constructor.newInstance(Unknown Source)
at org.openqa.selenium.remote.http.W3CHttpResponseCodec.createException(W3CHttpResponseCodec.java:187)
at org.openqa.selenium.remote.http.W3CHttpResponseCodec.decode(W3CHttpResponseCodec.java:122)
at org.openqa.selenium.remote.http.W3CHttpResponseCodec.decode(W3CHttpResponseCodec.java:49)
at org.openqa.selenium.remote.HttpCommandExecutor.execute(HttpCommandExecutor.java:158)
at org.openqa.selenium.remote.service.DriverCommandExecutor.execute(DriverCommandExecutor.java:83)
at org.openqa.selenium.remote.RemoteWebDriver.execute(RemoteWebDriver.java:552)
at org.openqa.selenium.remote.RemoteWebDriver.findElement(RemoteWebDriver.java:323)
at org.openqa.selenium.remote.RemoteWebDriver.findElementByXPath(RemoteWebDriver.java:428)
at org.openqa.selenium.By$ByXPath.findElement(By.java:353)
at org.openqa.selenium.remote.RemoteWebDriver.findElement(RemoteWebDriver.java:315)
at org.openqa.selenium.support.pagefactory.DefaultElementLocator.findElement(DefaultElementLocator.java:69)
at org.openqa.selenium.support.pagefactory.internal.LocatingElementHandler.invoke(LocatingElementHandler.java:38)
at com.sun.proxy.$Proxy12.click(Unknown Source)
at common.Click.clickAndWait(Click.java:15)
at Classes.TestBaseClass.clickAndWait(TestBaseClass.java:56)
at OrderReceipt.TestMethods.OrderReceipt.clickOnContinueShopping(OrderReceipt.java:16)
at CheckoutPage.TestCases.AddDetailsOnCheckoutPage.clickOnContinueShopping(AddDetailsOnCheckoutPage.java:91)
at sun.reflect.NativeMethodAccessorImpl.invoke0(Native Method)
at sun.reflect.NativeMethodAccessorImpl.invoke(Unknown Source)
at sun.reflect.DelegatingMethodAccessorImpl.invoke(Unknown Source)
at java.lang.reflect.Method.invoke(Unknown Source)
at org.testng.internal.MethodInvocationHelper.invokeMethod(MethodInvocationHelper.java:124)
at org.testng.internal.Invoker.invokeMethod(Invoker.java:583)
at org.testng.internal.Invoker.invokeTestMethod(Invoker.java:719)
at org.testng.internal.Invoker.invokeTestMethods(Invoker.java:989)
at org.testng.internal.TestMethodWorker.invokeTestMethods(TestMethodWorker.java:125)
at org.testng.internal.TestMethodWorker.run(TestMethodWorker.java:109)
at org.testng.TestRunner.privateRun(TestRunner.java:648)
at org.testng.TestRunner.run(TestRunner.java:505)
at org.testng.SuiteRunner.runTest(SuiteRunner.java:455)
at org.testng.SuiteRunner.runSequentially(SuiteRunner.java:450)
at org.testng.SuiteRunner.privateRun(SuiteRunner.java:415)
at org.testng.SuiteRunner.run(SuiteRunner.java:364)
at org.testng.SuiteRunnerWorker.runSuite(SuiteRunnerWorker.java:52)
at org.testng.SuiteRunnerWorker.run(SuiteRunnerWorker.java:84)
at org.testng.TestNG.runSuitesSequentially(TestNG.java:1208)
at org.testng.TestNG.runSuitesLocally(TestNG.java:1137)
at org.testng.TestNG.runSuites(TestNG.java:1049)
at org.testng.TestNG.run(TestNG.java:1017)
at org.testng.remote.AbstractRemoteTestNG.run(AbstractRemoteTestNG.java:115)
at org.testng.remote.RemoteTestNG.initAndRun(RemoteTestNG.java:251)
at org.testng.remote.RemoteTestNG.main(RemoteTestNG.java:77)
]]>
            </full-stacktrace>
          </exception> <!-- org.openqa.selenium.NoSuchElementException -->
          <reporter-output>
          </reporter-output>
        </test-method> <!-- clickOnContinueShopping -->
      </class> <!-- CheckoutPage.TestCases.AddDetailsOnCheckoutPage -->
    </test> <!-- checkout -->
  </suite> <!-- PlaceAnOrder -->
</testng-results>
