<?xml version="1.0" encoding="UTF-8"?>
<testng-results ignored="0" total="14" passed="12" failed="2" skipped="0">
  <reporter-output>
  </reporter-output>
  <suite started-at="2019-08-16T09:10:07Z" name="PlaceAnOrder" finished-at="2019-08-16T09:10:54Z" duration-ms="47483">
    <groups>
    </groups>
    <test started-at="2019-08-16T09:10:07Z" name="open-browser" finished-at="2019-08-16T09:10:19Z" duration-ms="12484">
      <class name="TestMethods.OpenBrowser">
        <test-method signature="openBrowser(java.lang.String, java.lang.String)[pri:0, instance:TestMethods.OpenBrowser@4c309d4d]" started-at="2019-08-16T09:10:07Z" name="openBrowser" finished-at="2019-08-16T09:10:19Z" duration-ms="12456" status="PASS">
          <params>
            <param index="0">
              <value>
                <![CDATA[mozila]]>
              </value>
            </param>
            <param index="1">
              <value>
                <![CDATA[qa]]>
              </value>
            </param>
          </params>
          <reporter-output>
          </reporter-output>
        </test-method> <!-- openBrowser -->
      </class> <!-- TestMethods.OpenBrowser -->
    </test> <!-- open-browser -->
    <test started-at="2019-08-16T09:10:19Z" name="log-in" finished-at="2019-08-16T09:10:24Z" duration-ms="5092">
      <class name="Login.TestCases.Login">
        <test-method signature="clickOnLoginLink()[pri:0, instance:Login.TestCases.Login@484970b0]" started-at="2019-08-16T09:10:19Z" name="clickOnLoginLink" finished-at="2019-08-16T09:10:23Z" duration-ms="3468" status="PASS">
          <reporter-output>
          </reporter-output>
        </test-method> <!-- clickOnLoginLink -->
        <test-method signature="enterLoginCredentials()[pri:1, instance:Login.TestCases.Login@484970b0]" started-at="2019-08-16T09:10:23Z" name="enterLoginCredentials" finished-at="2019-08-16T09:10:24Z" duration-ms="1616" status="PASS">
          <reporter-output>
          </reporter-output>
        </test-method> <!-- enterLoginCredentials -->
      </class> <!-- Login.TestCases.Login -->
    </test> <!-- log-in -->
    <test started-at="2019-08-16T09:10:24Z" name="remove-cart-items" finished-at="2019-08-16T09:10:33Z" duration-ms="8193">
      <class name="TestCases.RemoveAllItemsFromCart">
        <test-method signature="removeAllItems()[pri:0, instance:TestCases.RemoveAllItemsFromCart@2f54a33d]" started-at="2019-08-16T09:10:25Z" name="removeAllItems" finished-at="2019-08-16T09:10:29Z" duration-ms="4497" status="PASS">
          <reporter-output>
          </reporter-output>
        </test-method> <!-- removeAllItems -->
        <test-method signature="navigateToHomePage()[pri:1, instance:TestCases.RemoveAllItemsFromCart@2f54a33d]" started-at="2019-08-16T09:10:29Z" name="navigateToHomePage" finished-at="2019-08-16T09:10:33Z" duration-ms="3693" status="PASS">
          <reporter-output>
          </reporter-output>
        </test-method> <!-- navigateToHomePage -->
      </class> <!-- TestCases.RemoveAllItemsFromCart -->
    </test> <!-- remove-cart-items -->
    <test started-at="2019-08-16T09:10:33Z" name="navigate-to-PDP" finished-at="2019-08-16T09:10:40Z" duration-ms="7507">
      <class name="HomePage.TestCases.NavigateToPDPPage">
        <test-method signature="searchForProduct()[pri:0, instance:HomePage.TestCases.NavigateToPDPPage@45ca843]" started-at="2019-08-16T09:10:33Z" name="searchForProduct" finished-at="2019-08-16T09:10:36Z" duration-ms="3617" status="PASS">
          <reporter-output>
          </reporter-output>
        </test-method> <!-- searchForProduct -->
        <test-method signature="clickOnAProductImage()[pri:1, instance:HomePage.TestCases.NavigateToPDPPage@45ca843]" started-at="2019-08-16T09:10:36Z" name="clickOnAProductImage" finished-at="2019-08-16T09:10:40Z" duration-ms="3888" status="PASS">
          <reporter-output>
          </reporter-output>
        </test-method> <!-- clickOnAProductImage -->
      </class> <!-- HomePage.TestCases.NavigateToPDPPage -->
    </test> <!-- navigate-to-PDP -->
    <test started-at="2019-08-16T09:10:40Z" name="add-product-to-cart" finished-at="2019-08-16T09:10:41Z" duration-ms="1240">
      <class name="PDP.TestCases.AddProductToCart">
        <test-method signature="addAProductToCart()[pri:0, instance:PDP.TestCases.AddProductToCart@343570b7]" started-at="2019-08-16T09:10:40Z" name="addAProductToCart" finished-at="2019-08-16T09:10:41Z" duration-ms="1238" status="PASS">
          <reporter-output>
          </reporter-output>
        </test-method> <!-- addAProductToCart -->
      </class> <!-- PDP.TestCases.AddProductToCart -->
    </test> <!-- add-product-to-cart -->
    <test started-at="2019-08-16T09:10:41Z" name="click-on-shopping-cart" finished-at="2019-08-16T09:10:45Z" duration-ms="3340">
      <class name="TestCases.ClickOnShoppingCartLink">
        <test-method signature="goToShoppingCart()[pri:0, instance:TestCases.ClickOnShoppingCartLink@69fb6037]" started-at="2019-08-16T09:10:41Z" name="goToShoppingCart" finished-at="2019-08-16T09:10:45Z" duration-ms="3339" status="PASS">
          <reporter-output>
          </reporter-output>
        </test-method> <!-- goToShoppingCart -->
      </class> <!-- TestCases.ClickOnShoppingCartLink -->
    </test> <!-- click-on-shopping-cart -->
    <test started-at="2019-08-16T09:10:45Z" name="click-on-checkout-page" finished-at="2019-08-16T09:10:50Z" duration-ms="5292">
      <class name="TestCases.ClickOnCheckoutLink">
        <test-method signature="goToCheckoutPage()[pri:0, instance:TestCases.ClickOnCheckoutLink@1356d4d4]" started-at="2019-08-16T09:10:45Z" name="goToCheckoutPage" finished-at="2019-08-16T09:10:50Z" duration-ms="5287" status="PASS">
          <reporter-output>
          </reporter-output>
        </test-method> <!-- goToCheckoutPage -->
      </class> <!-- TestCases.ClickOnCheckoutLink -->
    </test> <!-- click-on-checkout-page -->
    <test started-at="2019-08-16T09:10:50Z" name="checkout" finished-at="2019-08-16T09:10:54Z" duration-ms="4267">
      <class name="CheckoutPage.TestCases.AddDetailsOnCheckoutPage">
        <test-method signature="addShippingAddress()[pri:1, instance:CheckoutPage.TestCases.AddDetailsOnCheckoutPage@524d6d96]" started-at="2019-08-16T09:10:50Z" name="addShippingAddress" finished-at="2019-08-16T09:10:50Z" duration-ms="25" status="PASS">
          <reporter-output>
          </reporter-output>
        </test-method> <!-- addShippingAddress -->
        <test-method signature="selectShippingOption()[pri:2, instance:CheckoutPage.TestCases.AddDetailsOnCheckoutPage@524d6d96]" started-at="2019-08-16T09:10:50Z" name="selectShippingOption" finished-at="2019-08-16T09:10:54Z" duration-ms="4204" status="PASS">
          <reporter-output>
          </reporter-output>
        </test-method> <!-- selectShippingOption -->
        <test-method signature="selectPaymentOption()[pri:3, instance:CheckoutPage.TestCases.AddDetailsOnCheckoutPage@524d6d96]" started-at="2019-08-16T09:10:54Z" name="selectPaymentOption" finished-at="2019-08-16T09:10:54Z" duration-ms="11" status="FAIL">
          <exception class="org.apache.poi.poifs.filesystem.OfficeXmlFileException">
            <message>
              <![CDATA[The supplied data appears to be in the Office 2007+ XML. You are calling the part of POI that deals with OLE2 Office Documents. You need to call a different part of POI to process this data (eg XSSF instead of HSSF)]]>
            </message>
            <full-stacktrace>
              <![CDATA[org.apache.poi.poifs.filesystem.OfficeXmlFileException: The supplied data appears to be in the Office 2007+ XML. You are calling the part of POI that deals with OLE2 Office Documents. You need to call a different part of POI to process this data (eg XSSF instead of HSSF)
at org.apache.poi.poifs.storage.HeaderBlock.<init>(HeaderBlock.java:126)
at org.apache.poi.poifs.storage.HeaderBlock.<init>(HeaderBlock.java:113)
at org.apache.poi.poifs.filesystem.NPOIFSFileSystem.<init>(NPOIFSFileSystem.java:301)
at org.apache.poi.hssf.usermodel.HSSFWorkbook.<init>(HSSFWorkbook.java:413)
at org.apache.poi.hssf.usermodel.HSSFWorkbook.<init>(HSSFWorkbook.java:394)
at CommonUtilities.DataFile.dataFile(DataFile.java:32)
at CheckoutPage.TestMethods.CheckOutPage.selectPaymentOption(CheckOutPage.java:183)
at CheckoutPage.TestCases.AddDetailsOnCheckoutPage.selectPaymentOption(AddDetailsOnCheckoutPage.java:39)
at java.base/jdk.internal.reflect.NativeMethodAccessorImpl.invoke0(Native Method)
at java.base/jdk.internal.reflect.NativeMethodAccessorImpl.invoke(NativeMethodAccessorImpl.java:62)
at java.base/jdk.internal.reflect.DelegatingMethodAccessorImpl.invoke(DelegatingMethodAccessorImpl.java:43)
at java.base/java.lang.reflect.Method.invoke(Method.java:566)
at org.testng.internal.MethodInvocationHelper.invokeMethod(MethodInvocationHelper.java:124)
at org.testng.internal.Invoker.invokeMethod(Invoker.java:583)
at org.testng.internal.Invoker.invokeTestMethod(Invoker.java:719)
at org.testng.internal.Invoker.invokeTestMethods(Invoker.java:989)
at org.testng.internal.TestMethodWorker.invokeTestMethods(TestMethodWorker.java:125)
at org.testng.internal.TestMethodWorker.run(TestMethodWorker.java:109)
at org.testng.TestRunner.privateRun(TestRunner.java:648)
at org.testng.TestRunner.run(TestRunner.java:505)
at org.testng.SuiteRunner.runTest(SuiteRunner.java:455)
at org.testng.SuiteRunner.runSequentially(SuiteRunner.java:450)
at org.testng.SuiteRunner.privateRun(SuiteRunner.java:415)
at org.testng.SuiteRunner.run(SuiteRunner.java:364)
at org.testng.SuiteRunnerWorker.runSuite(SuiteRunnerWorker.java:52)
at org.testng.SuiteRunnerWorker.run(SuiteRunnerWorker.java:84)
at org.testng.TestNG.runSuitesSequentially(TestNG.java:1208)
at org.testng.TestNG.runSuitesLocally(TestNG.java:1137)
at org.testng.TestNG.runSuites(TestNG.java:1049)
at org.testng.TestNG.run(TestNG.java:1017)
at org.testng.remote.AbstractRemoteTestNG.run(AbstractRemoteTestNG.java:115)
at org.testng.remote.RemoteTestNG.initAndRun(RemoteTestNG.java:251)
at org.testng.remote.RemoteTestNG.main(RemoteTestNG.java:77)
]]>
            </full-stacktrace>
          </exception> <!-- org.apache.poi.poifs.filesystem.OfficeXmlFileException -->
          <reporter-output>
          </reporter-output>
        </test-method> <!-- selectPaymentOption -->
        <test-method signature="enterPaymentDetails()[pri:4, instance:CheckoutPage.TestCases.AddDetailsOnCheckoutPage@524d6d96]" started-at="2019-08-16T09:10:54Z" name="enterPaymentDetails" finished-at="2019-08-16T09:10:54Z" duration-ms="19" status="FAIL">
          <exception class="org.openqa.selenium.InvalidSelectorException">
            <message>
              <![CDATA[Given xpath expression "//input[@value=]" is invalid: SyntaxError: The expression is not a legal expression.
For documentation on this error, please visit: https://www.seleniumhq.org/exceptions/invalid_selector_exception.html
Build info: version: '3.141.59', revision: 'e82be7d358', time: '2018-11-14T08:17:03'
System info: host: 'ACD-002', ip: '10.0.12.75', os.name: 'Windows 10', os.arch: 'amd64', os.version: '10.0', java.version: '11.0.1'
Driver info: org.openqa.selenium.firefox.FirefoxDriver
Capabilities {acceptInsecureCerts: true, browserName: firefox, browserVersion: 65.0.2, javascriptEnabled: true, moz:accessibilityChecks: false, moz:geckodriverVersion: 0.24.0, moz:headless: false, moz:processID: 10416, moz:profile: C:\Users\sanket.khilwani\Ap..., moz:shutdownTimeout: 60000, moz:useNonSpecCompliantPointerOrigin: false, moz:webdriverClick: true, pageLoadStrategy: normal, platform: WINDOWS, platformName: WINDOWS, platformVersion: 10.0, rotatable: false, setWindowRect: true, strictFileInteractability: false, timeouts: {implicit: 0, pageLoad: 300000, script: 30000}, unhandledPromptBehavior: dismiss and notify}
Session ID: ed7cd7c0-1353-4daa-a844-abf6a81fba47
*** Element info: {Using=xpath, value=//input[@value=]}]]>
            </message>
            <full-stacktrace>
              <![CDATA[org.openqa.selenium.InvalidSelectorException: Given xpath expression "//input[@value=]" is invalid: SyntaxError: The expression is not a legal expression.
For documentation on this error, please visit: https://www.seleniumhq.org/exceptions/invalid_selector_exception.html
Build info: version: '3.141.59', revision: 'e82be7d358', time: '2018-11-14T08:17:03'
System info: host: 'ACD-002', ip: '10.0.12.75', os.name: 'Windows 10', os.arch: 'amd64', os.version: '10.0', java.version: '11.0.1'
Driver info: org.openqa.selenium.firefox.FirefoxDriver
Capabilities {acceptInsecureCerts: true, browserName: firefox, browserVersion: 65.0.2, javascriptEnabled: true, moz:accessibilityChecks: false, moz:geckodriverVersion: 0.24.0, moz:headless: false, moz:processID: 10416, moz:profile: C:\Users\sanket.khilwani\Ap..., moz:shutdownTimeout: 60000, moz:useNonSpecCompliantPointerOrigin: false, moz:webdriverClick: true, pageLoadStrategy: normal, platform: WINDOWS, platformName: WINDOWS, platformVersion: 10.0, rotatable: false, setWindowRect: true, strictFileInteractability: false, timeouts: {implicit: 0, pageLoad: 300000, script: 30000}, unhandledPromptBehavior: dismiss and notify}
Session ID: ed7cd7c0-1353-4daa-a844-abf6a81fba47
*** Element info: {Using=xpath, value=//input[@value=]}
at java.base/jdk.internal.reflect.NativeConstructorAccessorImpl.newInstance0(Native Method)
at java.base/jdk.internal.reflect.NativeConstructorAccessorImpl.newInstance(NativeConstructorAccessorImpl.java:62)
at java.base/jdk.internal.reflect.DelegatingConstructorAccessorImpl.newInstance(DelegatingConstructorAccessorImpl.java:45)
at java.base/java.lang.reflect.Constructor.newInstance(Constructor.java:490)
at org.openqa.selenium.remote.http.W3CHttpResponseCodec.createException(W3CHttpResponseCodec.java:187)
at org.openqa.selenium.remote.http.W3CHttpResponseCodec.decode(W3CHttpResponseCodec.java:122)
at org.openqa.selenium.remote.http.W3CHttpResponseCodec.decode(W3CHttpResponseCodec.java:49)
at org.openqa.selenium.remote.HttpCommandExecutor.execute(HttpCommandExecutor.java:158)
at org.openqa.selenium.remote.service.DriverCommandExecutor.execute(DriverCommandExecutor.java:83)
at org.openqa.selenium.remote.RemoteWebDriver.execute(RemoteWebDriver.java:552)
at org.openqa.selenium.remote.RemoteWebDriver.findElement(RemoteWebDriver.java:323)
at org.openqa.selenium.remote.RemoteWebDriver.findElementByXPath(RemoteWebDriver.java:428)
at org.openqa.selenium.By$ByXPath.findElement(By.java:353)
at org.openqa.selenium.remote.RemoteWebDriver.findElement(RemoteWebDriver.java:315)
at CheckoutPage.TestMethods.CheckOutPage.addPaymentDetails(CheckOutPage.java:203)
at CheckoutPage.TestCases.AddDetailsOnCheckoutPage.enterPaymentDetails(AddDetailsOnCheckoutPage.java:49)
at java.base/jdk.internal.reflect.NativeMethodAccessorImpl.invoke0(Native Method)
at java.base/jdk.internal.reflect.NativeMethodAccessorImpl.invoke(NativeMethodAccessorImpl.java:62)
at java.base/jdk.internal.reflect.DelegatingMethodAccessorImpl.invoke(DelegatingMethodAccessorImpl.java:43)
at java.base/java.lang.reflect.Method.invoke(Method.java:566)
at org.testng.internal.MethodInvocationHelper.invokeMethod(MethodInvocationHelper.java:124)
at org.testng.internal.Invoker.invokeMethod(Invoker.java:583)
at org.testng.internal.Invoker.invokeTestMethod(Invoker.java:719)
at org.testng.internal.Invoker.invokeTestMethods(Invoker.java:989)
at org.testng.internal.TestMethodWorker.invokeTestMethods(TestMethodWorker.java:125)
at org.testng.internal.TestMethodWorker.run(TestMethodWorker.java:109)
at org.testng.TestRunner.privateRun(TestRunner.java:648)
at org.testng.TestRunner.run(TestRunner.java:505)
at org.testng.SuiteRunner.runTest(SuiteRunner.java:455)
at org.testng.SuiteRunner.runSequentially(SuiteRunner.java:450)
at org.testng.SuiteRunner.privateRun(SuiteRunner.java:415)
at org.testng.SuiteRunner.run(SuiteRunner.java:364)
at org.testng.SuiteRunnerWorker.runSuite(SuiteRunnerWorker.java:52)
at org.testng.SuiteRunnerWorker.run(SuiteRunnerWorker.java:84)
at org.testng.TestNG.runSuitesSequentially(TestNG.java:1208)
at org.testng.TestNG.runSuitesLocally(TestNG.java:1137)
at org.testng.TestNG.runSuites(TestNG.java:1049)
at org.testng.TestNG.run(TestNG.java:1017)
at org.testng.remote.AbstractRemoteTestNG.run(AbstractRemoteTestNG.java:115)
at org.testng.remote.RemoteTestNG.initAndRun(RemoteTestNG.java:251)
at org.testng.remote.RemoteTestNG.main(RemoteTestNG.java:77)
]]>
            </full-stacktrace>
          </exception> <!-- org.openqa.selenium.InvalidSelectorException -->
          <reporter-output>
          </reporter-output>
        </test-method> <!-- enterPaymentDetails -->
      </class> <!-- CheckoutPage.TestCases.AddDetailsOnCheckoutPage -->
    </test> <!-- checkout -->
  </suite> <!-- PlaceAnOrder -->
</testng-results>
