<?xml version="1.0" encoding="UTF-8"?>
<testng-results ignored="0" total="0" passed="0" failed="0" skipped="0">
  <reporter-output>
  </reporter-output>
  <suite started-at="2019-08-23T12:32:47Z" name="PlaceAnOrder" finished-at="2019-08-23T12:32:57Z" duration-ms="9105">
    <groups>
    </groups>
    <test started-at="2019-08-23T12:32:47Z" name="open-browser" finished-at="2019-08-23T12:32:57Z" duration-ms="9105">
      <class name="Driver.DriverClass">
        <test-method is-config="true" signature="driverSetup()[pri:0, instance:Driver.DriverClass@55740540]" started-at="2019-08-23T12:32:44Z" name="driverSetup" finished-at="2019-08-23T12:32:47Z" duration-ms="3322" status="PASS">
          <reporter-output>
          </reporter-output>
        </test-method> <!-- driverSetup -->
        <test-method is-config="true" signature="openBrowser(java.lang.String, java.lang.String)[pri:0, instance:Driver.DriverClass@55740540]" started-at="2019-08-23T12:32:47Z" name="openBrowser" finished-at="2019-08-23T12:32:57Z" duration-ms="9100" status="PASS">
          <params>
            <param index="0">
              <value>
                <![CDATA[firefox]]>
              </value>
            </param>
            <param index="1">
              <value>
                <![CDATA[Stage]]>
              </value>
            </param>
          </params>
          <reporter-output>
          </reporter-output>
        </test-method> <!-- openBrowser -->
      </class> <!-- Driver.DriverClass -->
    </test> <!-- open-browser -->
  </suite> <!-- PlaceAnOrder -->
</testng-results>
