<?xml version="1.0" encoding="UTF-8"?>
<testng-results ignored="0" total="15" passed="15" failed="0" skipped="0">
  <reporter-output>
  </reporter-output>
  <suite started-at="2019-08-30T11:02:49Z" name="PlaceAnOrder" finished-at="2019-08-30T11:03:44Z" duration-ms="55117">
    <groups>
    </groups>
    <test started-at="2019-08-30T11:02:49Z" name="open-browser" finished-at="2019-08-30T11:02:54Z" duration-ms="4484">
      <class name="driver.DriverClass">
        <test-method is-config="true" signature="openBrowser(java.lang.String, java.lang.String)[pri:0, instance:driver.DriverClass@60015ef5]" started-at="2019-08-30T11:02:49Z" name="openBrowser" finished-at="2019-08-30T11:02:54Z" duration-ms="4478" status="PASS">
          <params>
            <param index="0">
              <value>
                <![CDATA[chrome]]>
              </value>
            </param>
            <param index="1">
              <value>
                <![CDATA[qa]]>
              </value>
            </param>
          </params>
          <reporter-output>
          </reporter-output>
        </test-method> <!-- openBrowser -->
      </class> <!-- driver.DriverClass -->
    </test> <!-- open-browser -->
    <test started-at="2019-08-30T11:02:54Z" name="log-in" finished-at="2019-08-30T11:02:57Z" duration-ms="3240">
      <class name="Login.TestCases.Login">
        <test-method is-config="true" signature="initiatedDriver()[pri:0, instance:Login.TestCases.Login@61386958]" started-at="2019-08-30T11:02:54Z" name="initiatedDriver" finished-at="2019-08-30T11:02:54Z" duration-ms="4" status="PASS">
          <reporter-output>
          </reporter-output>
        </test-method> <!-- initiatedDriver -->
        <test-method is-config="true" signature="initiateLoginPage()[pri:0, instance:Login.TestCases.Login@61386958]" started-at="2019-08-30T11:02:54Z" name="initiateLoginPage" finished-at="2019-08-30T11:02:54Z" duration-ms="36" status="PASS">
          <reporter-output>
          </reporter-output>
        </test-method> <!-- initiateLoginPage -->
        <test-method signature="clickOnLoginLink()[pri:0, instance:Login.TestCases.Login@61386958]" started-at="2019-08-30T11:02:54Z" name="clickOnLoginLink" finished-at="2019-08-30T11:02:55Z" duration-ms="738" status="PASS">
          <reporter-output>
          </reporter-output>
        </test-method> <!-- clickOnLoginLink -->
        <test-method signature="enterLoginCredentials()[pri:1, instance:Login.TestCases.Login@61386958]" started-at="2019-08-30T11:02:55Z" name="enterLoginCredentials" finished-at="2019-08-30T11:02:57Z" duration-ms="2449" status="PASS">
          <reporter-output>
          </reporter-output>
        </test-method> <!-- enterLoginCredentials -->
      </class> <!-- Login.TestCases.Login -->
    </test> <!-- log-in -->
    <test started-at="2019-08-30T11:02:57Z" name="remove-cart-items" finished-at="2019-08-30T11:03:03Z" duration-ms="5740">
      <class name="testcases.RemoveAllItemsFromCart">
        <test-method signature="removeAllItems()[pri:0, instance:testcases.RemoveAllItemsFromCart@34f7cfd9]" started-at="2019-08-30T11:02:57Z" name="removeAllItems" finished-at="2019-08-30T11:02:59Z" duration-ms="1735" status="PASS">
          <reporter-output>
          </reporter-output>
        </test-method> <!-- removeAllItems -->
        <test-method signature="navigateToHomePage()[pri:1, instance:testcases.RemoveAllItemsFromCart@34f7cfd9]" started-at="2019-08-30T11:02:59Z" name="navigateToHomePage" finished-at="2019-08-30T11:03:03Z" duration-ms="3997" status="PASS">
          <reporter-output>
          </reporter-output>
        </test-method> <!-- navigateToHomePage -->
      </class> <!-- testcases.RemoveAllItemsFromCart -->
    </test> <!-- remove-cart-items -->
    <test started-at="2019-08-30T11:03:03Z" name="navigate-to-PDP" finished-at="2019-08-30T11:03:07Z" duration-ms="4043">
      <class name="HomePage.TestCases.NavigateToPDPPage">
        <test-method is-config="true" signature="initiatePDPPage()[pri:0, instance:HomePage.TestCases.NavigateToPDPPage@62230c58]" started-at="2019-08-30T11:03:03Z" name="initiatePDPPage" finished-at="2019-08-30T11:03:03Z" duration-ms="2" status="PASS">
          <reporter-output>
          </reporter-output>
        </test-method> <!-- initiatePDPPage -->
        <test-method signature="searchForProduct()[pri:0, instance:HomePage.TestCases.NavigateToPDPPage@62230c58]" started-at="2019-08-30T11:03:03Z" name="searchForProduct" finished-at="2019-08-30T11:03:05Z" duration-ms="1779" status="PASS">
          <reporter-output>
          </reporter-output>
        </test-method> <!-- searchForProduct -->
        <test-method signature="clickOnAProductImage()[pri:1, instance:HomePage.TestCases.NavigateToPDPPage@62230c58]" started-at="2019-08-30T11:03:05Z" name="clickOnAProductImage" finished-at="2019-08-30T11:03:07Z" duration-ms="2259" status="PASS">
          <reporter-output>
          </reporter-output>
        </test-method> <!-- clickOnAProductImage -->
      </class> <!-- HomePage.TestCases.NavigateToPDPPage -->
    </test> <!-- navigate-to-PDP -->
    <test started-at="2019-08-30T11:03:07Z" name="add-product-to-cart" finished-at="2019-08-30T11:03:09Z" duration-ms="1903">
      <class name="PDP.TestCases.AddProductToCart">
        <test-method is-config="true" signature="initializePDPPage()[pri:0, instance:PDP.TestCases.AddProductToCart@11bd0f3b]" started-at="2019-08-30T11:03:07Z" name="initializePDPPage" finished-at="2019-08-30T11:03:07Z" duration-ms="2" status="PASS">
          <reporter-output>
          </reporter-output>
        </test-method> <!-- initializePDPPage -->
        <test-method signature="addAProductToCart()[pri:1, instance:PDP.TestCases.AddProductToCart@11bd0f3b]" started-at="2019-08-30T11:03:07Z" name="addAProductToCart" finished-at="2019-08-30T11:03:09Z" duration-ms="1900" status="PASS">
          <reporter-output>
          </reporter-output>
        </test-method> <!-- addAProductToCart -->
      </class> <!-- PDP.TestCases.AddProductToCart -->
    </test> <!-- add-product-to-cart -->
    <test started-at="2019-08-30T11:03:09Z" name="click-on-shopping-cart" finished-at="2019-08-30T11:03:11Z" duration-ms="1722">
      <class name="testcases.ClickOnShoppingCartLink">
        <test-method signature="goToShoppingCart()[pri:0, instance:testcases.ClickOnShoppingCartLink@4e7912d8]" started-at="2019-08-30T11:03:09Z" name="goToShoppingCart" finished-at="2019-08-30T11:03:11Z" duration-ms="1721" status="PASS">
          <reporter-output>
          </reporter-output>
        </test-method> <!-- goToShoppingCart -->
      </class> <!-- testcases.ClickOnShoppingCartLink -->
    </test> <!-- click-on-shopping-cart -->
    <test started-at="2019-08-30T11:03:11Z" name="click-on-checkout-page" finished-at="2019-08-30T11:03:15Z" duration-ms="4119">
      <class name="testcases.ClickOnCheckoutLink">
        <test-method signature="goToCheckoutPage()[pri:0, instance:testcases.ClickOnCheckoutLink@44821a96]" started-at="2019-08-30T11:03:11Z" name="goToCheckoutPage" finished-at="2019-08-30T11:03:15Z" duration-ms="4117" status="PASS">
          <reporter-output>
          </reporter-output>
        </test-method> <!-- goToCheckoutPage -->
      </class> <!-- testcases.ClickOnCheckoutLink -->
    </test> <!-- click-on-checkout-page -->
    <test started-at="2019-08-30T11:03:15Z" name="checkout" finished-at="2019-08-30T11:03:44Z" duration-ms="29791">
      <class name="driver.DriverClass">
        <test-method is-config="true" signature="driverSetup()[pri:0, instance:driver.DriverClass@60015ef5]" started-at="2019-08-30T11:02:46Z" name="driverSetup" finished-at="2019-08-30T11:02:49Z" duration-ms="3299" status="PASS">
          <reporter-output>
          </reporter-output>
        </test-method> <!-- driverSetup -->
      </class> <!-- driver.DriverClass -->
      <class name="CheckoutPage.TestCases.AddDetailsOnCheckoutPage">
        <test-method is-config="true" signature="initiatedDriver()[pri:0, instance:CheckoutPage.TestCases.AddDetailsOnCheckoutPage@1e6454ec]" started-at="2019-08-30T11:03:15Z" name="initiatedDriver" finished-at="2019-08-30T11:03:15Z" duration-ms="1" status="PASS">
          <reporter-output>
          </reporter-output>
        </test-method> <!-- initiatedDriver -->
        <test-method is-config="true" signature="initiateCheckoutPage()[pri:0, instance:CheckoutPage.TestCases.AddDetailsOnCheckoutPage@1e6454ec]" started-at="2019-08-30T11:03:15Z" name="initiateCheckoutPage" finished-at="2019-08-30T11:03:15Z" duration-ms="8" status="PASS">
          <reporter-output>
          </reporter-output>
        </test-method> <!-- initiateCheckoutPage -->
        <test-method signature="addShippingAddress()[pri:1, instance:CheckoutPage.TestCases.AddDetailsOnCheckoutPage@1e6454ec]" started-at="2019-08-30T11:03:15Z" name="addShippingAddress" finished-at="2019-08-30T11:03:16Z" duration-ms="1279" status="PASS">
          <reporter-output>
          </reporter-output>
        </test-method> <!-- addShippingAddress -->
        <test-method signature="selectShippingOption()[pri:2, instance:CheckoutPage.TestCases.AddDetailsOnCheckoutPage@1e6454ec]" started-at="2019-08-30T11:03:16Z" name="selectShippingOption" finished-at="2019-08-30T11:03:34Z" duration-ms="17591" status="PASS">
          <reporter-output>
          </reporter-output>
        </test-method> <!-- selectShippingOption -->
        <test-method signature="selectPaymentOption()[pri:3, instance:CheckoutPage.TestCases.AddDetailsOnCheckoutPage@1e6454ec]" started-at="2019-08-30T11:03:34Z" name="selectPaymentOption" finished-at="2019-08-30T11:03:34Z" duration-ms="625" status="PASS">
          <reporter-output>
          </reporter-output>
        </test-method> <!-- selectPaymentOption -->
        <test-method signature="enterPaymentDetails()[pri:4, instance:CheckoutPage.TestCases.AddDetailsOnCheckoutPage@1e6454ec]" started-at="2019-08-30T11:03:34Z" name="enterPaymentDetails" finished-at="2019-08-30T11:03:34Z" duration-ms="299" status="PASS">
          <reporter-output>
          </reporter-output>
        </test-method> <!-- enterPaymentDetails -->
        <test-method signature="clickOnPlaceOrder()[pri:5, instance:CheckoutPage.TestCases.AddDetailsOnCheckoutPage@1e6454ec]" started-at="2019-08-30T11:03:34Z" name="clickOnPlaceOrder" finished-at="2019-08-30T11:03:35Z" duration-ms="433" status="PASS">
          <reporter-output>
          </reporter-output>
        </test-method> <!-- clickOnPlaceOrder -->
        <test-method signature="clickOnContinueShopping()[pri:6, instance:CheckoutPage.TestCases.AddDetailsOnCheckoutPage@1e6454ec]" started-at="2019-08-30T11:03:35Z" name="clickOnContinueShopping" finished-at="2019-08-30T11:03:44Z" duration-ms="9547" status="PASS">
          <reporter-output>
          </reporter-output>
        </test-method> <!-- clickOnContinueShopping -->
      </class> <!-- CheckoutPage.TestCases.AddDetailsOnCheckoutPage -->
    </test> <!-- checkout -->
  </suite> <!-- PlaceAnOrder -->
</testng-results>
