<?xml version="1.0" encoding="UTF-8"?>
<!-- Generated by org.testng.reporters.JUnitXMLReporter -->
<testsuite ignored="0" hostname="ACD-002" failures="1" tests="6" name="checkout" time="19.078" errors="0" timestamp="23 Aug 2019 09:36:06 GMT">
  <testcase classname="CheckoutPage.TestCases.AddDetailsOnCheckoutPage" name="addShippingAddress" time="0.156"/>
  <testcase classname="CheckoutPage.TestCases.AddDetailsOnCheckoutPage" name="selectShippingOption" time="0.145"/>
  <testcase classname="CheckoutPage.TestCases.AddDetailsOnCheckoutPage" name="selectPaymentOption" time="1.317"/>
  <testcase classname="CheckoutPage.TestCases.AddDetailsOnCheckoutPage" name="enterPaymentDetails" time="2.277"/>
  <testcase classname="CheckoutPage.TestCases.AddDetailsOnCheckoutPage" name="clickOnPlaceOrder" time="0.09"/>
  <testcase classname="CheckoutPage.TestCases.AddDetailsOnCheckoutPage" name="clickOnContinueShopping" time="15.084">
    <failure type="org.openqa.selenium.NoSuchElementException" message="no such element: Unable to locate element: {&amp;quot;method&amp;quot;:&amp;quot;xpath&amp;quot;,&amp;quot;selector&amp;quot;:&amp;quot;//a[text()=&amp;apos;Continue shopping&amp;apos;]&amp;quot;}
  (Session info: chrome=76.0.3809.100)
For documentation on this error, please visit: https://www.seleniumhq.org/exceptions/no_such_element.html
Build info: version: &amp;apos;3.141.59&amp;apos;, revision: &amp;apos;e82be7d358&amp;apos;, time: &amp;apos;2018-11-14T08:17:03&amp;apos;
System info: host: &amp;apos;ACD-002&amp;apos;, ip: &amp;apos;10.0.12.75&amp;apos;, os.name: &amp;apos;Windows 10&amp;apos;, os.arch: &amp;apos;amd64&amp;apos;, os.version: &amp;apos;10.0&amp;apos;, java.version: &amp;apos;11.0.1&amp;apos;
Driver info: org.openqa.selenium.chrome.ChromeDriver
Capabilities {acceptInsecureCerts: false, browserName: chrome, browserVersion: 76.0.3809.100, chrome: {chromedriverVersion: 76.0.3809.68 (420c9498db8ce..., userDataDir: C:\Users\SANKET~1.KHI\AppDa...}, goog:chromeOptions: {debuggerAddress: localhost:54885}, javascriptEnabled: true, networkConnectionEnabled: false, pageLoadStrategy: normal, platform: XP, platformName: XP, proxy: Proxy(), setWindowRect: true, strictFileInteractability: false, timeouts: {implicit: 0, pageLoad: 300000, script: 30000}, unhandledPromptBehavior: dismiss and notify}
Session ID: 0243039694e287300d6aa307271151a2
*** Element info: {Using=xpath, value=//a[text()=&amp;apos;Continue shopping&amp;apos;]}">
      <![CDATA[org.openqa.selenium.NoSuchElementException: no such element: Unable to locate element: {"method":"xpath","selector":"//a[text()='Continue shopping']"}
  (Session info: chrome=76.0.3809.100)
For documentation on this error, please visit: https://www.seleniumhq.org/exceptions/no_such_element.html
Build info: version: '3.141.59', revision: 'e82be7d358', time: '2018-11-14T08:17:03'
System info: host: 'ACD-002', ip: '10.0.12.75', os.name: 'Windows 10', os.arch: 'amd64', os.version: '10.0', java.version: '11.0.1'
Driver info: org.openqa.selenium.chrome.ChromeDriver
Capabilities {acceptInsecureCerts: false, browserName: chrome, browserVersion: 76.0.3809.100, chrome: {chromedriverVersion: 76.0.3809.68 (420c9498db8ce..., userDataDir: C:\Users\SANKET~1.KHI\AppDa...}, goog:chromeOptions: {debuggerAddress: localhost:54885}, javascriptEnabled: true, networkConnectionEnabled: false, pageLoadStrategy: normal, platform: XP, platformName: XP, proxy: Proxy(), setWindowRect: true, strictFileInteractability: false, timeouts: {implicit: 0, pageLoad: 300000, script: 30000}, unhandledPromptBehavior: dismiss and notify}
Session ID: 0243039694e287300d6aa307271151a2
*** Element info: {Using=xpath, value=//a[text()='Continue shopping']}
at org.openqa.selenium.remote.http.W3CHttpResponseCodec.createException(W3CHttpResponseCodec.java:187)
at org.openqa.selenium.remote.http.W3CHttpResponseCodec.decode(W3CHttpResponseCodec.java:122)
at org.openqa.selenium.remote.http.W3CHttpResponseCodec.decode(W3CHttpResponseCodec.java:49)
at org.openqa.selenium.remote.HttpCommandExecutor.execute(HttpCommandExecutor.java:158)
at org.openqa.selenium.remote.service.DriverCommandExecutor.execute(DriverCommandExecutor.java:83)
at org.openqa.selenium.remote.RemoteWebDriver.execute(RemoteWebDriver.java:552)
at org.openqa.selenium.remote.RemoteWebDriver.findElement(RemoteWebDriver.java:323)
at org.openqa.selenium.remote.RemoteWebDriver.findElementByXPath(RemoteWebDriver.java:428)
at org.openqa.selenium.By$ByXPath.findElement(By.java:353)
at org.openqa.selenium.remote.RemoteWebDriver.findElement(RemoteWebDriver.java:315)
at org.openqa.selenium.support.pagefactory.DefaultElementLocator.findElement(DefaultElementLocator.java:69)
at org.openqa.selenium.support.pagefactory.internal.LocatingElementHandler.invoke(LocatingElementHandler.java:38)
at com.sun.proxy.$Proxy12.click(Unknown Source)
at Common.Click.clickAndWait(Click.java:19)
at OrderReceipt.TestMethods.OrderReceipt.clickOnContinueShopping(OrderReceipt.java:13)
at CheckoutPage.TestCases.AddDetailsOnCheckoutPage.clickOnContinueShopping(AddDetailsOnCheckoutPage.java:72)
... Removed 28 stack frames]]>
    </failure>
  </testcase> <!-- clickOnContinueShopping -->
</testsuite> <!-- checkout -->
